<?xml version="1.0" encoding="UTF-8"?>
<testsuite xmlns:xsi="http://www.w3.org/2001/XMLSchema-instance" xsi:noNamespaceSchemaLocation="https://maven.apache.org/surefire/maven-surefire-plugin/xsd/surefire-test-report.xsd" version="3.0.2" name="com.example.Job_Application_Tracker.JobApplicationTrackerApplicationTests" time="10.117" tests="1" errors="0" skipped="0" failures="0">
  <properties>
[...]
</properties>
  <testcase name="contextLoads" classname="com.example.Job_Application_Tracker.JobApplicationTrackerApplicationTests" time="1.38">
    <system-out><![CDATA[12:29:21.769 [main] INFO org.springframework.test.context.support.AnnotationConfigContextLoaderUtils -- Could not detect default configuration classes for test class [com.example.Job_Application_Tracker.JobApplicationTrackerApplicationTests]: JobApplicationTrackerApplicationTests does not declare any static, non-private, non-final, nested classes annotated with @Configuration.
12:29:22.044 [main] INFO org.springframework.boot.test.context.SpringBootTestContextBootstrapper -- Found @SpringBootConfiguration com.example.Job_Application_Tracker.JobApplicationTrackerApplication for test class com.example.Job_Application_Tracker.JobApplicationTrackerApplicationTests
12:29:22.450 [main] INFO org.springframework.boot.devtools.restart.RestartApplicationListener -- Restart disabled due to context in which it is running

  .   ____          _            __ _ _
 /\\ / ___'_ __ _ _(_)_ __  __ _ \ \ \ \
( ( )\___ | '_ | '_| | '_ \/ _` | \ \ \ \
 \\/  ___)| |_)| | | | | || (_| |  ) ) ) )
  '  |____| .__|_| |_|_| |_\__, | / / / /
 =========|_|==============|___/=/_/_/_/

 :: Spring Boot ::                (v3.5.0)

2025-09-01T12:29:23.377+05:30  INFO 3696 --- [Job_Application_Tracker] [           main] .J.JobApplicationTrackerApplicationTests : Starting JobApplicationTrackerApplicationTests using Java 18.0.1.1 with PID 3696 (started by DELL in D:\Projects\Job Application Tracker\Job_Application_Tracker)
2025-09-01T12:29:23.380+05:30  INFO 3696 --- [Job_Application_Tracker] [           main] .J.JobApplicationTrackerApplicationTests : No active profile set, falling back to 1 default profile: "default"
2025-09-01T12:29:25.149+05:30  INFO 3696 --- [Job_Application_Tracker] [           main] .s.d.r.c.RepositoryConfigurationDelegate : Bootstrapping Spring Data MongoDB repositories in DEFAULT mode.
2025-09-01T12:29:25.302+05:30  INFO 3696 --- [Job_Application_Tracker] [           main] .s.d.r.c.RepositoryConfigurationDelegate : Finished Spring Data repository scanning in 136 ms. Found 4 MongoDB repository interfaces.
2025-09-01T12:29:26.796+05:30  INFO 3696 --- [Job_Application_Tracker] [           main] org.mongodb.driver.client                : MongoClient with metadata {"application": {"name": "Cluster0"}, "driver": {"name": "mongo-java-driver|sync|spring-boot", "version": "5.4.0"}, "os": {"type": "Windows", "name": "Windows 10", "architecture": "amd64", "version": "10.0"}, "platform": "Java/Oracle Corporation/18.0.1.1+2-6"} created with settings MongoClientSettings{readPreference=primary, writeConcern=WriteConcern{w=majority, wTimeout=null ms, journal=null}, retryWrites=true, retryReads=true, readConcern=ReadConcern{level=null}, credential=MongoCredential{mechanism=null, userName='root', source='admin', password=<hidden>, mechanismProperties=<hidden>}, transportSettings=null, commandListeners=[], codecRegistry=ProvidersCodecRegistry{codecProviders=[ValueCodecProvider{}, BsonValueCodecProvider{}, DBRefCodecProvider{}, DBObjectCodecProvider{}, DocumentCodecProvider{}, CollectionCodecProvider{}, IterableCodecProvider{}, MapCodecProvider{}, GeoJsonCodecProvider{}, GridFSFileCodecProvider{}, Jsr310CodecProvider{}, JsonObjectCodecProvider{}, BsonCodecProvider{}, EnumCodecProvider{}, com.mongodb.client.model.mql.ExpressionCodecProvider@674da77b, com.mongodb.Jep395RecordCodecProvider@bd3eff4, com.mongodb.KotlinCodecProvider@6010d0d1]}, loggerSettings=LoggerSettings{maxDocumentLength=1000}, clusterSettings={hosts=[127.0.0.1:27017], srvHost=cluster0.uw01eou.mongodb.net, srvServiceName=mongodb, mode=MULTIPLE, requiredClusterType=REPLICA_SET, requiredReplicaSetName='atlas-xcaskf-shard-0', serverSelector='null', clusterListeners='[]', serverSelectionTimeout='30000 ms', localThreshold='15 ms'}, socketSettings=SocketSettings{connectTimeoutMS=10000, readTimeoutMS=0, receiveBufferSize=0, proxySettings=ProxySettings{host=null, port=null, username=null, password=null}}, heartbeatSocketSettings=SocketSettings{connectTimeoutMS=10000, readTimeoutMS=10000, receiveBufferSize=0, proxySettings=ProxySettings{host=null, port=null, username=null, password=null}}, connectionPoolSettings=ConnectionPoolSettings{maxSize=100, minSize=0, maxWaitTimeMS=120000, maxConnectionLifeTimeMS=0, maxConnectionIdleTimeMS=0, maintenanceInitialDelayMS=0, maintenanceFrequencyMS=60000, connectionPoolListeners=[], maxConnecting=2}, serverSettings=ServerSettings{heartbeatFrequencyMS=10000, minHeartbeatFrequencyMS=500, serverMonitoringMode=AUTO, serverListeners='[]', serverMonitorListeners='[]'}, sslSettings=SslSettings{enabled=true, invalidHostNameAllowed=false, context=null}, applicationName='Cluster0', compressorList=[], uuidRepresentation=JAVA_LEGACY, serverApi=null, autoEncryptionSettings=null, dnsClient=null, inetAddressResolver=null, contextProvider=null, timeoutMS=null}
2025-09-01T12:29:26.882+05:30  INFO 3696 --- [Job_Application_Tracker] [eou.mongodb.net] org.mongodb.driver.cluster               : Adding discovered server ac-6gwdax1-shard-00-02.uw01eou.mongodb.net:27017 to client view of cluster
2025-09-01T12:29:26.945+05:30  INFO 3696 --- [Job_Application_Tracker] [eou.mongodb.net] org.mongodb.driver.cluster               : Adding discovered server ac-6gwdax1-shard-00-01.uw01eou.mongodb.net:27017 to client view of cluster
2025-09-01T12:29:26.951+05:30  INFO 3696 --- [Job_Application_Tracker] [eou.mongodb.net] org.mongodb.driver.cluster               : Adding discovered server ac-6gwdax1-shard-00-00.uw01eou.mongodb.net:27017 to client view of cluster
2025-09-01T12:29:26.988+05:30  WARN 3696 --- [Job_Application_Tracker] [           main] o.s.data.convert.CustomConversions       : Registering converter from interface java.util.List to interface org.springframework.data.domain.Vector as reading converter although it doesn't convert from a store-supported type; You might want to check your annotation setup at the converter implementation
2025-09-01T12:29:27.406+05:30  WARN 3696 --- [Job_Application_Tracker] [           main] o.s.data.convert.CustomConversions       : Registering converter from interface java.util.List to interface org.springframework.data.domain.Vector as reading converter although it doesn't convert from a store-supported type; You might want to check your annotation setup at the converter implementation
2025-09-01T12:29:28.153+05:30  INFO 3696 --- [Job_Application_Tracker] [ngodb.net:27017] org.mongodb.driver.cluster               : Monitor thread successfully connected to server with description ServerDescription{address=ac-6gwdax1-shard-00-00.uw01eou.mongodb.net:27017, type=REPLICA_SET_SECONDARY, cryptd=false, state=CONNECTED, ok=true, minWireVersion=0, maxWireVersion=25, maxDocumentSize=16777216, logicalSessionTimeoutMinutes=30, roundTripTimeNanos=486033000, minRoundTripTimeNanos=0, setName='atlas-xcaskf-shard-0', canonicalAddress=ac-6gwdax1-shard-00-00.uw01eou.mongodb.net:27017, hosts=[ac-6gwdax1-shard-00-00.uw01eou.mongodb.net:27017, ac-6gwdax1-shard-00-02.uw01eou.mongodb.net:27017, ac-6gwdax1-shard-00-01.uw01eou.mongodb.net:27017], passives=[], arbiters=[], primary='ac-6gwdax1-shard-00-02.uw01eou.mongodb.net:27017', tagSet=TagSet{[Tag{name='availabilityZone', value='aps1-az1'}, Tag{name='diskState', value='READY'}, Tag{name='nodeType', value='ELECTABLE'}, Tag{name='provider', value='AWS'}, Tag{name='region', value='AP_SOUTH_1'}, Tag{name='workloadType', value='OPERATIONAL'}]}, electionId=null, setVersion=183, topologyVersion=TopologyVersion{processId=68addd3398bc14df2615f80f, counter=4}, lastWriteDate=Mon Sep 01 12:29:28 IST 2025, lastUpdateTimeNanos=8264728983400}
2025-09-01T12:29:28.153+05:30  INFO 3696 --- [Job_Application_Tracker] [ngodb.net:27017] org.mongodb.driver.cluster               : Monitor thread successfully connected to server with description ServerDescription{address=ac-6gwdax1-shard-00-01.uw01eou.mongodb.net:27017, type=REPLICA_SET_SECONDARY, cryptd=false, state=CONNECTED, ok=true, minWireVersion=0, maxWireVersion=25, maxDocumentSize=16777216, logicalSessionTimeoutMinutes=30, roundTripTimeNanos=488987799, minRoundTripTimeNanos=0, setName='atlas-xcaskf-shard-0', canonicalAddress=ac-6gwdax1-shard-00-01.uw01eou.mongodb.net:27017, hosts=[ac-6gwdax1-shard-00-00.uw01eou.mongodb.net:27017, ac-6gwdax1-shard-00-02.uw01eou.mongodb.net:27017, ac-6gwdax1-shard-00-01.uw01eou.mongodb.net:27017], passives=[], arbiters=[], primary='ac-6gwdax1-shard-00-02.uw01eou.mongodb.net:27017', tagSet=TagSet{[Tag{name='availabilityZone', value='aps1-az3'}, Tag{name='diskState', value='READY'}, Tag{name='nodeType', value='ELECTABLE'}, Tag{name='provider', value='AWS'}, Tag{name='region', value='AP_SOUTH_1'}, Tag{name='workloadType', value='OPERATIONAL'}]}, electionId=null, setVersion=183, topologyVersion=TopologyVersion{processId=68ade173a0f32aa454dc3b69, counter=3}, lastWriteDate=Mon Sep 01 12:29:28 IST 2025, lastUpdateTimeNanos=8264729265700}
2025-09-01T12:29:28.153+05:30  INFO 3696 --- [Job_Application_Tracker] [ngodb.net:27017] org.mongodb.driver.cluster               : Monitor thread successfully connected to server with description ServerDescription{address=ac-6gwdax1-shard-00-02.uw01eou.mongodb.net:27017, type=REPLICA_SET_PRIMARY, cryptd=false, state=CONNECTED, ok=true, minWireVersion=0, maxWireVersion=25, maxDocumentSize=16777216, logicalSessionTimeoutMinutes=30, roundTripTimeNanos=482010901, minRoundTripTimeNanos=0, setName='atlas-xcaskf-shard-0', canonicalAddress=ac-6gwdax1-shard-00-02.uw01eou.mongodb.net:27017, hosts=[ac-6gwdax1-shard-00-00.uw01eou.mongodb.net:27017, ac-6gwdax1-shard-00-02.uw01eou.mongodb.net:27017, ac-6gwdax1-shard-00-01.uw01eou.mongodb.net:27017], passives=[], arbiters=[], primary='ac-6gwdax1-shard-00-02.uw01eou.mongodb.net:27017', tagSet=TagSet{[Tag{name='availabilityZone', value='aps1-az2'}, Tag{name='diskState', value='READY'}, Tag{name='nodeType', value='ELECTABLE'}, Tag{name='provider', value='AWS'}, Tag{name='region', value='AP_SOUTH_1'}, Tag{name='workloadType', value='OPERATIONAL'}]}, electionId=7fffffff00000000000000c0, setVersion=183, topologyVersion=TopologyVersion{processId=68addeeed0303df954c776d0, counter=6}, lastWriteDate=Mon Sep 01 12:29:28 IST 2025, lastUpdateTimeNanos=8264728899399}
2025-09-01T12:29:28.160+05:30  INFO 3696 --- [Job_Application_Tracker] [ngodb.net:27017] org.mongodb.driver.cluster               : Discovered replica set primary ac-6gwdax1-shard-00-02.uw01eou.mongodb.net:27017 with max election id 7fffffff00000000000000c0 and max set version 183
2025-09-01T12:29:28.777+05:30  INFO 3696 --- [Job_Application_Tracker] [           main] o.s.b.a.w.s.WelcomePageHandlerMapping    : Adding welcome page template: index
2025-09-01T12:29:30.097+05:30  INFO 3696 --- [Job_Application_Tracker] [           main] .J.JobApplicationTrackerApplicationTests : Started JobApplicationTrackerApplicationTests in 7.691 seconds (process running for 9.913)
]]></system-out>
  </testcase>
</testsuite>